2025-05-31 14:55:44,477 [INFO] Student_Flow_App.StudentRoadMap: Home view accessed.
2025-05-31 15:02:03,971 [INFO] Student_Flow_App.StudentRoadMap: Fetch roadmap accessed.
2025-05-31 15:02:04,122 [INFO] Student_Flow_App.StudentRoadMap: Fetch roadmap student details fetched from SQL server at 2025-05-31 15:02:03.972228+00:00.
2025-05-31 15:03:06,850 [INFO] Student_Flow_App.StudentRoadMap: Fetch roadmap accessed.
2025-05-31 15:03:07,001 [INFO] Student_Flow_App.StudentRoadMap: Fetch roadmap student details fetched from SQL server at 2025-05-31 15:03:06.850429+00:00 and closed at 2025-05-31 15:03:06.850429+00:00
2025-05-31 15:03:20,519 [INFO] Student_Flow_App.StudentRoadMap: Fetch roadmap accessed.
2025-05-31 15:03:20,581 [INFO] Student_Flow_App.StudentRoadMap: Fetch roadmap student details fetched from SQL server at 2025-05-31 15:03:20.519976+00:00 and closed at 2025-05-31 15:03:20.519976+00:00
2025-05-31 15:03:21,342 [INFO] Student_Flow_App.StudentRoadMap: Fetch roadmap accessed.
2025-05-31 15:03:21,413 [INFO] Student_Flow_App.StudentRoadMap: Fetch roadmap student details fetched from SQL server at 2025-05-31 15:03:21.342805+00:00 and closed at 2025-05-31 15:03:21.342805+00:00
2025-05-31 15:04:19,343 [INFO] Student_Flow_App.StudentRoadMap: Fetch roadmap accessed.
2025-05-31 15:04:19,486 [INFO] Student_Flow_App.StudentRoadMap: Fetch roadmap student details fetched at {duration1} seconds.
2025-05-31 15:04:45,186 [INFO] Student_Flow_App.StudentRoadMap: Fetch roadmap accessed.
2025-05-31 15:04:45,366 [INFO] Student_Flow_App.StudentRoadMap: Fetch roadmap student details fetched at0.17884 seconds.
2025-05-31 15:07:25,343 [INFO] Student_Flow_App.StudentRoadMap: Fetch roadmap accessed.
2025-05-31 15:07:25,490 [INFO] Student_Flow_App.StudentRoadMap: Fetch roadmap student details fetched at 0.14647 seconds.
2025-05-31 15:07:25,508 [INFO] Student_Flow_App.StudentRoadMap: Fetch roadmap subject details fetched at 0.016976 seconds.
2025-05-31 15:07:25,738 [INFO] Student_Flow_App.StudentRoadMap: Fetch roadmap weeks details fetched at 0.017412 seconds.
2025-05-31 15:07:26,035 [INFO] Student_Flow_App.StudentRoadMap: Fetch roadmap mongo student details fetched at 0.295946 seconds.
2025-05-31 15:07:26,036 [INFO] Student_Flow_App.StudentRoadMap: Fetch roadmap student assessments fetched at 0.0 seconds.
2025-05-31 15:07:57,550 [INFO] Student_Flow_App.StudentRoadMap: Method ------------------------ Fetch roadmap accessed.
2025-05-31 15:07:57,724 [INFO] Student_Flow_App.StudentRoadMap: Fetch roadmap student details fetched at 0.173109 seconds.
2025-05-31 15:07:57,746 [INFO] Student_Flow_App.StudentRoadMap: Fetch roadmap subject details fetched at 0.01965 seconds.
2025-05-31 15:07:57,954 [INFO] Student_Flow_App.StudentRoadMap: Fetch roadmap weeks details fetched at 0.02202 seconds.
2025-05-31 15:07:58,358 [INFO] Student_Flow_App.StudentRoadMap: Fetch roadmap mongo student details fetched at 0.404808 seconds.
2025-05-31 15:07:58,358 [INFO] Student_Flow_App.StudentRoadMap: Fetch roadmap student assessments fetched at 0.0 seconds.
2025-05-31 15:07:59,606 [INFO] Student_Flow_App.StudentRoadMap: Method ------------------------ Fetch roadmap accessed.
2025-05-31 15:07:59,667 [INFO] Student_Flow_App.StudentRoadMap: Fetch roadmap student details fetched at 0.060259 seconds.
2025-05-31 15:07:59,685 [INFO] Student_Flow_App.StudentRoadMap: Fetch roadmap subject details fetched at 0.017101 seconds.
2025-05-31 15:07:59,794 [INFO] Student_Flow_App.StudentRoadMap: Fetch roadmap weeks details fetched at 0.0169 seconds.
2025-05-31 15:07:59,933 [INFO] Student_Flow_App.StudentRoadMap: Fetch roadmap mongo student details fetched at 0.13798 seconds.
2025-05-31 15:07:59,934 [INFO] Student_Flow_App.StudentRoadMap: Fetch roadmap student assessments fetched at 0.0 seconds.
2025-05-31 15:11:49,074 [INFO] Student_Flow_App.StudentRoadMap: Method ------------------------ Fetch roadmap accessed.
2025-05-31 15:11:49,223 [INFO] Student_Flow_App.StudentRoadMap: Roadmap student details fetched at 0.148105 seconds.
2025-05-31 15:11:49,241 [INFO] Student_Flow_App.StudentRoadMap: Roadmap subject details fetched at 0.018065 seconds.
2025-05-31 15:11:49,453 [INFO] Student_Flow_App.StudentRoadMap: Roadmap weeks details fetched at 0.018449 seconds.
2025-05-31 15:11:49,799 [INFO] Student_Flow_App.StudentRoadMap: Roadmap mongo student details fetched at 0.346172 seconds.
2025-05-31 15:11:49,800 [INFO] Student_Flow_App.StudentRoadMap: Roadmap student assessments fetched at 0.0 seconds.
2025-05-31 15:18:06,573 [INFO] Student_Flow_App.StudentRoadMap: Method ------------------------ Fetch roadmap accessed.
2025-05-31 15:18:06,787 [INFO] Student_Flow_App.StudentRoadMap: Roadmap student details fetched at 0.213416 seconds.
2025-05-31 15:18:06,809 [INFO] Student_Flow_App.StudentRoadMap: Roadmap subject details fetched at 0.022565 seconds.
2025-05-31 15:18:07,111 [INFO] Student_Flow_App.StudentRoadMap: Roadmap weeks details fetched at 0.018643 seconds.
2025-05-31 15:18:07,498 [INFO] Student_Flow_App.StudentRoadMap: Roadmap mongo student details fetched at 0.386588 seconds.
2025-05-31 15:18:07,499 [INFO] Student_Flow_App.StudentRoadMap: Roadmap student assessments fetched at 0.001008 seconds.
2025-05-31 15:35:00,613 [INFO] Student_Flow_App.StudentRoadMap: Roadmap student details, started at 2025-05-31 10:05:00.613144+00:00
2025-05-31 15:35:00,815 [INFO] Student_Flow_App.StudentRoadMap: student details, fetched in 0.202215 seconds.
2025-05-31 15:35:00,834 [INFO] Student_Flow_App.StudentRoadMap: student subject details, fetched in 0.221465 seconds.
2025-05-31 15:35:01,222 [INFO] Student_Flow_App.StudentRoadMap: Student weeks details, fetched at 0.609329 seconds.
2025-05-31 15:35:01,504 [INFO] Student_Flow_App.StudentRoadMap: Student details fr9om Mongo DB, fetched in 0.891316 seconds.
2025-05-31 15:35:01,504 [INFO] Student_Flow_App.StudentRoadMap: Student assessments, fetched in 0.891316 seconds.
2025-05-31 15:35:01,540 [INFO] Student_Flow_App.StudentRoadMap: Student roadmap, processed in 0.927337 seconds.
2025-05-31 15:35:01,584 [INFO] Student_Flow_App.StudentRoadMap: Attendence tracking, updated in 0.971288 seconds.
2025-05-31 15:37:56,678 [INFO] Student_Flow_App.StudentRoadMap: Roadmap student details, started at 2025-05-31 10:07:56.678768+00:00
2025-05-31 15:37:56,855 [INFO] Student_Flow_App.StudentRoadMap: student details, fetched in 0.176322 seconds.
2025-05-31 15:37:56,874 [INFO] Student_Flow_App.StudentRoadMap: student subject details, fetched in 0.195468 seconds.
2025-05-31 15:37:57,094 [INFO] Student_Flow_App.StudentRoadMap: Student weeks details, fetched at 0.415441 seconds.
2025-05-31 15:37:57,386 [INFO] Student_Flow_App.StudentRoadMap: Student details fr9om Mongo DB, fetched in 0.707908 seconds.
2025-05-31 15:37:57,387 [INFO] Student_Flow_App.StudentRoadMap: Student assessments, fetched in 0.708896 seconds.
2025-05-31 15:37:57,427 [INFO] Student_Flow_App.StudentRoadMap: Student roadmap, processed in 0.748164 seconds.
2025-05-31 15:37:57,470 [INFO] Student_Flow_App.StudentRoadMap: Roadmap student details API, completed in 0.791377 seconds.
2025-05-31 15:55:22,646 [INFO] Student_Flow_App.StudentRoadMap: Roadmap student details, started at 2025-05-31 10:25:22.646288+00:00
2025-05-31 15:55:22,862 [INFO] Student_Flow_App.StudentRoadMap: student details, fetched in 0.203117 seconds.
2025-05-31 15:55:22,882 [INFO] Student_Flow_App.StudentRoadMap: student subject details, fetched in 0.222894 seconds.
2025-05-31 15:55:23,439 [INFO] Student_Flow_App.StudentRoadMap: Student weeks details, fetched at 0.780095 seconds.
2025-05-31 15:55:24,353 [INFO] Student_Flow_App.StudentRoadMap: Student details fr9om Mongo DB, fetched in 1.693709 seconds.
2025-05-31 15:55:24,354 [INFO] Student_Flow_App.StudentRoadMap: Student assessments, fetched in 1.694709 seconds.
2025-05-31 15:55:24,525 [INFO] Student_Flow_App.StudentRoadMap: Student roadmap, processed in 1.866421 seconds.
2025-05-31 15:55:24,584 [INFO] Student_Flow_App.StudentRoadMap: Roadmap student details API, completed in 1.925521 seconds.
2025-05-31 15:55:45,506 [WARNING] django.request: Bad Request: /api/roadmap/25EABCXIS001/course1/sq/
2025-05-31 15:55:45,506 [WARNING] django.request: Bad Request: /api/roadmap/25EABCXIS001/course1/sq/
2025-05-31 15:55:45,507 [WARNING] django.server: "GET /api/roadmap/25EABCXIS001/course1/sq/ HTTP/1.1" 400 1009
2025-05-31 15:55:45,507 [WARNING] django.server: "GET /api/roadmap/25EABCXIS001/course1/sq/ HTTP/1.1" 400 1009
2025-05-31 15:57:55,957 [INFO] Student_Flow_App.StudentRoadMap: Roadmap student details, started at 2025-05-31 10:27:55.957371+00:00
2025-05-31 15:57:56,115 [INFO] Student_Flow_App.StudentRoadMap: student details, fetched in 0.158343 seconds.
2025-05-31 15:57:56,133 [INFO] Student_Flow_App.StudentRoadMap: student subject details, fetched in 0.176342 seconds.
2025-05-31 15:57:56,457 [INFO] Student_Flow_App.StudentRoadMap: Student weeks details, fetched at 0.50052 seconds.
2025-05-31 15:57:57,116 [INFO] Student_Flow_App.StudentRoadMap: Student details fr9om Mongo DB, fetched in 1.159413 seconds.
2025-05-31 15:57:57,119 [INFO] Student_Flow_App.StudentRoadMap: Student assessments, fetched in 1.162411 seconds.
2025-05-31 15:57:57,304 [INFO] Student_Flow_App.StudentRoadMap: Student roadmap, processed in 1.347312 seconds.
2025-05-31 15:57:57,484 [INFO] Student_Flow_App.StudentRoadMap: Roadmap student details API, completed in 1.527001 seconds.
2025-05-31 15:58:06,808 [INFO] Student_Flow_App.StudentRoadMap: Roadmap student details, started at 2025-05-31 10:28:06.808414+00:00
2025-05-31 15:58:06,876 [INFO] Student_Flow_App.StudentRoadMap: student details, fetched in 0.064535 seconds.
2025-05-31 15:58:06,894 [INFO] Student_Flow_App.StudentRoadMap: student subject details, fetched in 0.082869 seconds.
2025-05-31 15:58:06,980 [INFO] Student_Flow_App.StudentRoadMap: Student weeks details, fetched at 0.168252 seconds.
2025-05-31 15:58:07,111 [INFO] Student_Flow_App.StudentRoadMap: Student details fr9om Mongo DB, fetched in 0.299942 seconds.
2025-05-31 15:58:07,112 [INFO] Student_Flow_App.StudentRoadMap: Student assessments, fetched in 0.300942 seconds.
2025-05-31 15:58:07,287 [INFO] Student_Flow_App.StudentRoadMap: Student roadmap, processed in 0.475776 seconds.
2025-05-31 15:58:07,344 [INFO] Student_Flow_App.StudentRoadMap: Roadmap student details API, completed in 0.532498 seconds.
2025-05-31 15:59:52,394 [WARNING] django.request: Bad Request: /api/roadmap/25EABCXIS001/course1/sq/n
2025-05-31 15:59:52,394 [WARNING] django.request: Bad Request: /api/roadmap/25EABCXIS001/course1/sq/n
2025-05-31 15:59:52,396 [WARNING] django.server: "GET /api/roadmap/25EABCXIS001/course1/sq/n HTTP/1.1" 400 1009
2025-05-31 15:59:52,396 [WARNING] django.server: "GET /api/roadmap/25EABCXIS001/course1/sq/n HTTP/1.1" 400 1009
2025-05-31 16:01:32,220 [ERROR] django.request: Internal Server Error: /api/roadmap/25EABCXIS001/course1/sq/n
Traceback (most recent call last):
  File "G:\Rudresh\30-05-25\Staging\.venv\Lib\site-packages\django\core\handlers\exception.py", line 56, in inner
    response = get_response(request)
               ^^^^^^^^^^^^^^^^^^^^^
  File "G:\Rudresh\30-05-25\Staging\.venv\Lib\site-packages\django\core\handlers\base.py", line 197, in _get_response
    response = wrapped_callback(request, *callback_args, **callback_kwargs)
               ^^^^^^^^^^^^^^^^^^^^^^^^^^^^^^^^^^^^^^^^^^^^^^^^^^^^^^^^^^^^
  File "G:\Rudresh\30-05-25\Staging\.venv\Lib\site-packages\django\views\decorators\csrf.py", line 55, in wrapped_view
    return view_func(*args, **kwargs)
           ^^^^^^^^^^^^^^^^^^^^^^^^^^
  File "G:\Rudresh\30-05-25\Staging\.venv\Lib\site-packages\django\views\generic\base.py", line 103, in view
    return self.dispatch(request, *args, **kwargs)
           ^^^^^^^^^^^^^^^^^^^^^^^^^^^^^^^^^^^^^^^
  File "G:\Rudresh\30-05-25\Staging\.venv\Lib\site-packages\rest_framework\views.py", line 511, in dispatch
    self.response = self.finalize_response(request, response, *args, **kwargs)
                    ^^^^^^^^^^^^^^^^^^^^^^^^^^^^^^^^^^^^^^^^^^^^^^^^^^^^^^^^^^
  File "G:\Rudresh\30-05-25\Staging\.venv\Lib\site-packages\rest_framework\views.py", line 423, in finalize_response
    assert isinstance(response, HttpResponseBase), (
           ^^^^^^^^^^^^^^^^^^^^^^^^^^^^^^^^^^^^^^
AssertionError: Expected a `Response`, `HttpResponse` or `StreamingHttpResponse` to be returned from the view, but received a `<class 'str'>`
2025-05-31 16:01:32,220 [ERROR] django.request: Internal Server Error: /api/roadmap/25EABCXIS001/course1/sq/n
Traceback (most recent call last):
  File "G:\Rudresh\30-05-25\Staging\.venv\Lib\site-packages\django\core\handlers\exception.py", line 56, in inner
    response = get_response(request)
               ^^^^^^^^^^^^^^^^^^^^^
  File "G:\Rudresh\30-05-25\Staging\.venv\Lib\site-packages\django\core\handlers\base.py", line 197, in _get_response
    response = wrapped_callback(request, *callback_args, **callback_kwargs)
               ^^^^^^^^^^^^^^^^^^^^^^^^^^^^^^^^^^^^^^^^^^^^^^^^^^^^^^^^^^^^
  File "G:\Rudresh\30-05-25\Staging\.venv\Lib\site-packages\django\views\decorators\csrf.py", line 55, in wrapped_view
    return view_func(*args, **kwargs)
           ^^^^^^^^^^^^^^^^^^^^^^^^^^
  File "G:\Rudresh\30-05-25\Staging\.venv\Lib\site-packages\django\views\generic\base.py", line 103, in view
    return self.dispatch(request, *args, **kwargs)
           ^^^^^^^^^^^^^^^^^^^^^^^^^^^^^^^^^^^^^^^
  File "G:\Rudresh\30-05-25\Staging\.venv\Lib\site-packages\rest_framework\views.py", line 511, in dispatch
    self.response = self.finalize_response(request, response, *args, **kwargs)
                    ^^^^^^^^^^^^^^^^^^^^^^^^^^^^^^^^^^^^^^^^^^^^^^^^^^^^^^^^^^
  File "G:\Rudresh\30-05-25\Staging\.venv\Lib\site-packages\rest_framework\views.py", line 423, in finalize_response
    assert isinstance(response, HttpResponseBase), (
           ^^^^^^^^^^^^^^^^^^^^^^^^^^^^^^^^^^^^^^
AssertionError: Expected a `Response`, `HttpResponse` or `StreamingHttpResponse` to be returned from the view, but received a `<class 'str'>`
2025-05-31 16:01:32,223 [ERROR] django.server: "GET /api/roadmap/25EABCXIS001/course1/sq/n HTTP/1.1" 500 145
2025-05-31 16:01:32,223 [ERROR] django.server: "GET /api/roadmap/25EABCXIS001/course1/sq/n HTTP/1.1" 500 145
2025-05-31 16:03:27,352 [ERROR] django.request: Internal Server Error: /api/roadmap/25EABCXIS001/course1/sq/n
Traceback (most recent call last):
  File "G:\Rudresh\30-05-25\Staging\.venv\Lib\site-packages\django\core\handlers\exception.py", line 56, in inner
    response = get_response(request)
               ^^^^^^^^^^^^^^^^^^^^^
  File "G:\Rudresh\30-05-25\Staging\.venv\Lib\site-packages\django\core\handlers\base.py", line 197, in _get_response
    response = wrapped_callback(request, *callback_args, **callback_kwargs)
               ^^^^^^^^^^^^^^^^^^^^^^^^^^^^^^^^^^^^^^^^^^^^^^^^^^^^^^^^^^^^
  File "G:\Rudresh\30-05-25\Staging\.venv\Lib\site-packages\django\views\decorators\csrf.py", line 55, in wrapped_view
    return view_func(*args, **kwargs)
           ^^^^^^^^^^^^^^^^^^^^^^^^^^
  File "G:\Rudresh\30-05-25\Staging\.venv\Lib\site-packages\django\views\generic\base.py", line 103, in view
    return self.dispatch(request, *args, **kwargs)
           ^^^^^^^^^^^^^^^^^^^^^^^^^^^^^^^^^^^^^^^
  File "G:\Rudresh\30-05-25\Staging\.venv\Lib\site-packages\rest_framework\views.py", line 511, in dispatch
    self.response = self.finalize_response(request, response, *args, **kwargs)
                    ^^^^^^^^^^^^^^^^^^^^^^^^^^^^^^^^^^^^^^^^^^^^^^^^^^^^^^^^^^
  File "G:\Rudresh\30-05-25\Staging\.venv\Lib\site-packages\rest_framework\views.py", line 423, in finalize_response
    assert isinstance(response, HttpResponseBase), (
           ^^^^^^^^^^^^^^^^^^^^^^^^^^^^^^^^^^^^^^
AssertionError: Expected a `Response`, `HttpResponse` or `StreamingHttpResponse` to be returned from the view, but received a `<class 'str'>`
2025-05-31 16:03:27,352 [ERROR] django.request: Internal Server Error: /api/roadmap/25EABCXIS001/course1/sq/n
Traceback (most recent call last):
  File "G:\Rudresh\30-05-25\Staging\.venv\Lib\site-packages\django\core\handlers\exception.py", line 56, in inner
    response = get_response(request)
               ^^^^^^^^^^^^^^^^^^^^^
  File "G:\Rudresh\30-05-25\Staging\.venv\Lib\site-packages\django\core\handlers\base.py", line 197, in _get_response
    response = wrapped_callback(request, *callback_args, **callback_kwargs)
               ^^^^^^^^^^^^^^^^^^^^^^^^^^^^^^^^^^^^^^^^^^^^^^^^^^^^^^^^^^^^
  File "G:\Rudresh\30-05-25\Staging\.venv\Lib\site-packages\django\views\decorators\csrf.py", line 55, in wrapped_view
    return view_func(*args, **kwargs)
           ^^^^^^^^^^^^^^^^^^^^^^^^^^
  File "G:\Rudresh\30-05-25\Staging\.venv\Lib\site-packages\django\views\generic\base.py", line 103, in view
    return self.dispatch(request, *args, **kwargs)
           ^^^^^^^^^^^^^^^^^^^^^^^^^^^^^^^^^^^^^^^
  File "G:\Rudresh\30-05-25\Staging\.venv\Lib\site-packages\rest_framework\views.py", line 511, in dispatch
    self.response = self.finalize_response(request, response, *args, **kwargs)
                    ^^^^^^^^^^^^^^^^^^^^^^^^^^^^^^^^^^^^^^^^^^^^^^^^^^^^^^^^^^
  File "G:\Rudresh\30-05-25\Staging\.venv\Lib\site-packages\rest_framework\views.py", line 423, in finalize_response
    assert isinstance(response, HttpResponseBase), (
           ^^^^^^^^^^^^^^^^^^^^^^^^^^^^^^^^^^^^^^
AssertionError: Expected a `Response`, `HttpResponse` or `StreamingHttpResponse` to be returned from the view, but received a `<class 'str'>`
2025-05-31 16:03:27,366 [ERROR] django.server: "GET /api/roadmap/25EABCXIS001/course1/sq/n HTTP/1.1" 500 145
2025-05-31 16:03:27,366 [ERROR] django.server: "GET /api/roadmap/25EABCXIS001/course1/sq/n HTTP/1.1" 500 145
2025-05-31 16:05:34,865 [ERROR] django.request: Internal Server Error: /api/roadmap/25EABCXIS001/course1/sq/n
Traceback (most recent call last):
  File "G:\Rudresh\30-05-25\Staging\.venv\Lib\site-packages\django\core\handlers\exception.py", line 56, in inner
    response = get_response(request)
               ^^^^^^^^^^^^^^^^^^^^^
  File "G:\Rudresh\30-05-25\Staging\.venv\Lib\site-packages\django\core\handlers\base.py", line 197, in _get_response
    response = wrapped_callback(request, *callback_args, **callback_kwargs)
               ^^^^^^^^^^^^^^^^^^^^^^^^^^^^^^^^^^^^^^^^^^^^^^^^^^^^^^^^^^^^
  File "G:\Rudresh\30-05-25\Staging\.venv\Lib\site-packages\django\views\decorators\csrf.py", line 55, in wrapped_view
    return view_func(*args, **kwargs)
           ^^^^^^^^^^^^^^^^^^^^^^^^^^
  File "G:\Rudresh\30-05-25\Staging\.venv\Lib\site-packages\django\views\generic\base.py", line 103, in view
    return self.dispatch(request, *args, **kwargs)
           ^^^^^^^^^^^^^^^^^^^^^^^^^^^^^^^^^^^^^^^
  File "G:\Rudresh\30-05-25\Staging\.venv\Lib\site-packages\rest_framework\views.py", line 511, in dispatch
    self.response = self.finalize_response(request, response, *args, **kwargs)
                    ^^^^^^^^^^^^^^^^^^^^^^^^^^^^^^^^^^^^^^^^^^^^^^^^^^^^^^^^^^
  File "G:\Rudresh\30-05-25\Staging\.venv\Lib\site-packages\rest_framework\views.py", line 423, in finalize_response
    assert isinstance(response, HttpResponseBase), (
           ^^^^^^^^^^^^^^^^^^^^^^^^^^^^^^^^^^^^^^
AssertionError: Expected a `Response`, `HttpResponse` or `StreamingHttpResponse` to be returned from the view, but received a `<class 'str'>`
2025-05-31 16:05:34,865 [ERROR] django.request: Internal Server Error: /api/roadmap/25EABCXIS001/course1/sq/n
Traceback (most recent call last):
  File "G:\Rudresh\30-05-25\Staging\.venv\Lib\site-packages\django\core\handlers\exception.py", line 56, in inner
    response = get_response(request)
               ^^^^^^^^^^^^^^^^^^^^^
  File "G:\Rudresh\30-05-25\Staging\.venv\Lib\site-packages\django\core\handlers\base.py", line 197, in _get_response
    response = wrapped_callback(request, *callback_args, **callback_kwargs)
               ^^^^^^^^^^^^^^^^^^^^^^^^^^^^^^^^^^^^^^^^^^^^^^^^^^^^^^^^^^^^
  File "G:\Rudresh\30-05-25\Staging\.venv\Lib\site-packages\django\views\decorators\csrf.py", line 55, in wrapped_view
    return view_func(*args, **kwargs)
           ^^^^^^^^^^^^^^^^^^^^^^^^^^
  File "G:\Rudresh\30-05-25\Staging\.venv\Lib\site-packages\django\views\generic\base.py", line 103, in view
    return self.dispatch(request, *args, **kwargs)
           ^^^^^^^^^^^^^^^^^^^^^^^^^^^^^^^^^^^^^^^
  File "G:\Rudresh\30-05-25\Staging\.venv\Lib\site-packages\rest_framework\views.py", line 511, in dispatch
    self.response = self.finalize_response(request, response, *args, **kwargs)
                    ^^^^^^^^^^^^^^^^^^^^^^^^^^^^^^^^^^^^^^^^^^^^^^^^^^^^^^^^^^
  File "G:\Rudresh\30-05-25\Staging\.venv\Lib\site-packages\rest_framework\views.py", line 423, in finalize_response
    assert isinstance(response, HttpResponseBase), (
           ^^^^^^^^^^^^^^^^^^^^^^^^^^^^^^^^^^^^^^
AssertionError: Expected a `Response`, `HttpResponse` or `StreamingHttpResponse` to be returned from the view, but received a `<class 'str'>`
2025-05-31 16:05:34,868 [ERROR] django.server: "GET /api/roadmap/25EABCXIS001/course1/sq/n HTTP/1.1" 500 145
2025-05-31 16:05:34,868 [ERROR] django.server: "GET /api/roadmap/25EABCXIS001/course1/sq/n HTTP/1.1" 500 145
2025-05-31 16:24:04,092 [INFO] Student_Flow_App.StudentRoadMap: Roadmap student details, started at 2025-05-31 10:54:04.092252+00:00
2025-05-31 16:24:04,367 [INFO] Student_Flow_App.StudentRoadMap: student details, fetched in 0.223877 seconds.
2025-05-31 16:24:04,386 [INFO] Student_Flow_App.StudentRoadMap: student subject details, fetched in 0.242897 seconds.
2025-05-31 16:24:04,746 [INFO] Student_Flow_App.StudentRoadMap: Student weeks details, fetched at 0.60259 seconds.
2025-05-31 16:24:06,808 [INFO] Student_Flow_App.StudentRoadMap: Student details fr9om Mongo DB, fetched in 2.664508 seconds.
2025-05-31 16:24:06,809 [INFO] Student_Flow_App.StudentRoadMap: Student assessments, fetched in 2.66551 seconds.
2025-05-31 16:24:06,988 [INFO] Student_Flow_App.StudentRoadMap: Student roadmap, processed in 2.844949 seconds.
2025-05-31 16:24:07,036 [INFO] Student_Flow_App.StudentRoadMap: Roadmap student details API, completed in 2.892793 seconds.
2025-05-31 16:25:26,213 [INFO] Student_Flow_App.StudentRoadMap: Roadmap student details, started at 2025-05-31 10:55:26.213990+00:00
2025-05-31 16:25:26,278 [INFO] Student_Flow_App.StudentRoadMap: student details, fetched in 0.059899 seconds.
2025-05-31 16:25:26,298 [INFO] Student_Flow_App.StudentRoadMap: student subject details, fetched in 0.080124 seconds.
2025-05-31 16:25:26,388 [INFO] Student_Flow_App.StudentRoadMap: Student weeks details, fetched at 0.170578 seconds.
2025-05-31 16:25:26,577 [INFO] Student_Flow_App.StudentRoadMap: Student details fr9om Mongo DB, fetched in 0.359324 seconds.
2025-05-31 16:25:26,577 [INFO] Student_Flow_App.StudentRoadMap: Student assessments, fetched in 0.359324 seconds.
2025-05-31 16:25:26,753 [INFO] Student_Flow_App.StudentRoadMap: Student roadmap, processed in 0.53588 seconds.
2025-05-31 16:25:26,812 [INFO] Student_Flow_App.StudentRoadMap: Roadmap student details API, completed in 0.594185 seconds.
2025-05-31 16:25:47,418 [INFO] Student_Flow_App.StudentRoadMap: Roadmap student details, started at 2025-05-31 10:55:47.418586+00:00
2025-05-31 16:25:47,506 [INFO] Student_Flow_App.StudentRoadMap: student details, fetched in 0.074482 seconds.
2025-05-31 16:25:47,561 [INFO] Student_Flow_App.StudentRoadMap: student subject details, fetched in 0.129989 seconds.
2025-05-31 16:25:47,677 [INFO] Student_Flow_App.StudentRoadMap: Student weeks details, fetched at 0.246111 seconds.
2025-05-31 16:25:47,833 [INFO] Student_Flow_App.StudentRoadMap: Student details fr9om Mongo DB, fetched in 0.401564 seconds.
2025-05-31 16:25:47,835 [INFO] Student_Flow_App.StudentRoadMap: Student assessments, fetched in 0.402572 seconds.
2025-05-31 16:25:48,005 [INFO] Student_Flow_App.StudentRoadMap: Student roadmap, processed in 0.573841 seconds.
2025-05-31 16:25:48,045 [INFO] Student_Flow_App.StudentRoadMap: Roadmap student details API, completed in 0.614356 seconds.





2025-05-31 16:28:29,607 [INFO] Student_Flow_App.StudentRoadMap: Roadmap student details, started at 2025-05-31 10:58:29.607408+00:00
2025-05-31 16:28:29,669 [INFO] Student_Flow_App.StudentRoadMap: student details, fetched in 0.062519 seconds.
2025-05-31 16:28:29,688 [INFO] Student_Flow_App.StudentRoadMap: student subject details, fetched in 0.081062 seconds.
2025-05-31 16:28:29,770 [INFO] Student_Flow_App.StudentRoadMap: Student weeks details, fetched at 0.163113 seconds.
2025-05-31 16:28:29,916 [INFO] Student_Flow_App.StudentRoadMap: Student details fr9om Mongo DB, fetched in 0.308959 seconds.
2025-05-31 16:28:29,920 [INFO] Student_Flow_App.StudentRoadMap: Student assessments, fetched in 0.312982 seconds.
2025-05-31 16:28:30,115 [INFO] Student_Flow_App.StudentRoadMap: Student roadmap, processed in 0.508521 seconds.
2025-05-31 16:28:30,182 [INFO] Student_Flow_App.StudentRoadMap: Roadmap student details API, completed in 0.574766 seconds.
2025-05-31 16:32:07,454 [INFO] Student_Flow_App.StudentRoadMap: Roadmap student details, started at 2025-05-31 11:02:07.454464+00:00
2025-05-31 16:32:07,707 [INFO] Student_Flow_App.StudentRoadMap: student details, fetched in 0.196989 seconds.
2025-05-31 16:32:07,724 [INFO] Student_Flow_App.StudentRoadMap: student subject details, fetched in 0.214303 seconds.
2025-05-31 16:32:08,004 [INFO] Student_Flow_App.StudentRoadMap: Student weeks details, fetched at 0.494499 seconds.
2025-05-31 16:32:10,262 [INFO] Student_Flow_App.StudentRoadMap: Student details fr9om Mongo DB, fetched in 2.752411 seconds.
2025-05-31 16:32:10,262 [INFO] Student_Flow_App.StudentRoadMap: Student assessments, fetched in 2.752411 seconds.
2025-05-31 16:32:10,430 [INFO] Student_Flow_App.StudentRoadMap: Student roadmap, processed in 2.919959 seconds.
2025-05-31 16:32:10,483 [INFO] Student_Flow_App.StudentRoadMap: Roadmap student details API, completed in 2.973372 seconds.
2025-05-31 16:32:20,995 [INFO] Student_Flow_App.roadmaptesting: Roadmap student details, started at 2025-05-31 11:02:20.995670+00:00
2025-05-31 16:32:21,058 [INFO] Student_Flow_App.roadmaptesting: student details, fetched in 0.05959 seconds.
2025-05-31 16:32:21,075 [INFO] Student_Flow_App.roadmaptesting: student subject details, fetched in 0.076591 seconds.
2025-05-31 16:32:21,166 [INFO] Student_Flow_App.roadmaptesting: Student weeks details, fetched at 0.167615 seconds.
2025-05-31 16:32:21,283 [INFO] Student_Flow_App.roadmaptesting: Student details fr9om Mongo DB, fetched in 0.284987 seconds.
2025-05-31 16:32:21,285 [INFO] Student_Flow_App.roadmaptesting: Student assessments, fetched in 0.286985 seconds.
2025-05-31 16:32:21,454 [INFO] Student_Flow_App.roadmaptesting: Student roadmap, processed in 0.455617 seconds.
2025-05-31 16:32:21,454 [INFO] Student_Flow_App.roadmaptesting: Roadmap student details API, completed in 0.455617 seconds.
